<?xml version="1.0" encoding="UTF-8"?>
<!-- Generated by org.testng.reporters.JUnitReportReporter -->
<testsuite skipped="0" hostname="DESKTOP-VA1DSDB" name="gridPack2020.browserinvoke" tests="1" failures="0" timestamp="2020-04-18T14:58:23 IST" time="0.004" errors="0">
  <testcase name="browserSelection" time="0.004" classname="gridPack2020.browserinvoke"/>
  <system-out/>
</testsuite> <!-- gridPack2020.browserinvoke -->
